<?xml version="1.0" encoding="UTF-8"?>
<testsuite name="ca.mcgill.ecse321.BoardGameManagement.repository.EventRepositoryTests" tests="1" skipped="0" failures="0" errors="0" timestamp="2025-02-12T19:08:14" hostname="NIZ" time="1.458">
  <properties/>
  <testcase name="testCreateAndReadEvent()" classname="ca.mcgill.ecse321.BoardGameManagement.repository.EventRepositoryTests" time="1.458"/>
  <system-out><![CDATA[14:08:03.489 [Test worker] INFO org.springframework.test.context.support.AnnotationConfigContextLoaderUtils -- Could not detect default configuration classes for test class [ca.mcgill.ecse321.BoardGameManagement.repository.EventRepositoryTests]: EventRepositoryTests does not declare any static, non-private, non-final, nested classes annotated with @Configuration.
14:08:03.758 [Test worker] INFO org.springframework.boot.test.context.SpringBootTestContextBootstrapper -- Found @SpringBootConfiguration ca.mcgill.ecse321.BoardGameManagement.BoardGameManagementApplication for test class ca.mcgill.ecse321.BoardGameManagement.repository.EventRepositoryTests

  .   ____          _            __ _ _
 /\\ / ___'_ __ _ _(_)_ __  __ _ \ \ \ \
( ( )\___ | '_ | '_| | '_ \/ _` | \ \ \ \
 \\/  ___)| |_)| | | | | || (_| |  ) ) ) )
  '  |____| .__|_| |_|_| |_\__, | / / / /
 =========|_|==============|___/=/_/_/_/

 :: Spring Boot ::                (v3.4.2)

2025-02-12T14:08:04.525-05:00  INFO 20864 --- [    Test worker] c.m.e.B.repository.EventRepositoryTests  : Starting EventRepositoryTests using Java 21.0.6 with PID 20864 (started by Nizar in C:\Users\Nizar\Desktop\SEMESTER 4\ECSE 321\project-group-16)
2025-02-12T14:08:04.526-05:00  INFO 20864 --- [    Test worker] c.m.e.B.repository.EventRepositoryTests  : No active profile set, falling back to 1 default profile: "default"
2025-02-12T14:08:05.618-05:00  INFO 20864 --- [    Test worker] .s.d.r.c.RepositoryConfigurationDelegate : Bootstrapping Spring Data JPA repositories in DEFAULT mode.
2025-02-12T14:08:05.763-05:00  INFO 20864 --- [    Test worker] .s.d.r.c.RepositoryConfigurationDelegate : Finished Spring Data repository scanning in 123 ms. Found 7 JPA repository interfaces.
2025-02-12T14:08:06.853-05:00  INFO 20864 --- [    Test worker] o.hibernate.jpa.internal.util.LogHelper  : HHH000204: Processing PersistenceUnitInfo [name: default]
2025-02-12T14:08:06.996-05:00  INFO 20864 --- [    Test worker] org.hibernate.Version                    : HHH000412: Hibernate ORM core version 6.6.5.Final
2025-02-12T14:08:07.066-05:00  INFO 20864 --- [    Test worker] o.h.c.internal.RegionFactoryInitiator    : HHH000026: Second-level cache disabled
2025-02-12T14:08:07.810-05:00  INFO 20864 --- [    Test worker] o.s.o.j.p.SpringPersistenceUnitInfo      : No LoadTimeWeaver setup: ignoring JPA class transformer
2025-02-12T14:08:07.873-05:00  INFO 20864 --- [    Test worker] com.zaxxer.hikari.HikariDataSource       : HikariPool-1 - Starting...
2025-02-12T14:08:08.254-05:00  INFO 20864 --- [    Test worker] com.zaxxer.hikari.pool.HikariPool        : HikariPool-1 - Added connection org.postgresql.jdbc.PgConnection@36cfe107
2025-02-12T14:08:08.257-05:00  INFO 20864 --- [    Test worker] com.zaxxer.hikari.HikariDataSource       : HikariPool-1 - Start completed.
2025-02-12T14:08:08.321-05:00  WARN 20864 --- [    Test worker] org.hibernate.orm.deprecation            : HHH90000025: PostgreSQLDialect does not need to be specified explicitly using 'hibernate.dialect' (remove the property setting and it will be selected by default)
2025-02-12T14:08:08.359-05:00  INFO 20864 --- [    Test worker] org.hibernate.orm.connections.pooling    : HHH10001005: Database info:
	Database JDBC URL [Connecting through datasource 'HikariDataSource (HikariPool-1)']
	Database driver: undefined/unknown
	Database version: 17.2
	Autocommit mode: undefined/unknown
	Isolation level: undefined/unknown
	Minimum pool size: undefined/unknown
	Maximum pool size: undefined/unknown
2025-02-12T14:08:11.253-05:00  INFO 20864 --- [    Test worker] o.h.e.t.j.p.i.JtaPlatformInitiator       : HHH000489: No JTA platform available (set 'hibernate.transaction.jta.platform' to enable JTA platform integration)
2025-02-12T14:08:12.056-05:00  INFO 20864 --- [    Test worker] j.LocalContainerEntityManagerFactoryBean : Initialized JPA EntityManagerFactory for persistence unit 'default'
2025-02-12T14:08:12.463-05:00  WARN 20864 --- [    Test worker] JpaBaseConfiguration$JpaWebConfiguration : spring.jpa.open-in-view is enabled by default. Therefore, database queries may be performed during view rendering. Explicitly configure spring.jpa.open-in-view to disable this warning
2025-02-12T14:08:14.874-05:00  INFO 20864 --- [    Test worker] c.m.e.B.repository.EventRepositoryTests  : Started EventRepositoryTests in 10.792 seconds (process running for 13.114)
]]></system-out>
  <system-err><![CDATA[Mockito is currently self-attaching to enable the inline-mock-maker. This will no longer work in future releases of the JDK. Please add Mockito as an agent to your build what is described in Mockito's documentation: https://javadoc.io/doc/org.mockito/mockito-core/latest/org/mockito/Mockito.html#0.3
WARNING: A Java agent has been loaded dynamically (C:\Users\Nizar\.gradle\caches\modules-2\files-2.1\net.bytebuddy\byte-buddy-agent\1.15.11\a38b16385e867f59a641330f0362ebe742788ed8\byte-buddy-agent-1.15.11.jar)
WARNING: If a serviceability tool is in use, please run with -XX:+EnableDynamicAgentLoading to hide this warning
WARNING: If a serviceability tool is not in use, please run with -Djdk.instrument.traceUsage for more information
WARNING: Dynamic loading of agents will be disallowed by default in a future release
]]></system-err>
</testsuite>
