<?xml version="1.0" encoding="UTF-8"?>
<testsuite name="ca.mcgill.ecse321.BoardGameManagement.BoardGameManagementApplicationTests" tests="1" skipped="0" failures="0" errors="0" timestamp="2025-02-12T18:05:23" hostname="JH-LAPTOP" time="0.596">
  <properties/>
  <testcase name="contextLoads()" classname="ca.mcgill.ecse321.BoardGameManagement.BoardGameManagementApplicationTests" time="0.596"/>
  <system-out><![CDATA[13:05:17.172 [Test worker] INFO org.springframework.test.context.support.AnnotationConfigContextLoaderUtils -- Could not detect default configuration classes for test class [ca.mcgill.ecse321.BoardGameManagement.BoardGameManagementApplicationTests]: BoardGameManagementApplicationTests does not declare any static, non-private, non-final, nested classes annotated with @Configuration.
13:05:17.325 [Test worker] INFO org.springframework.boot.test.context.SpringBootTestContextBootstrapper -- Found @SpringBootConfiguration ca.mcgill.ecse321.BoardGameManagement.BoardGameManagementApplication for test class ca.mcgill.ecse321.BoardGameManagement.BoardGameManagementApplicationTests

  .   ____          _            __ _ _
 /\\ / ___'_ __ _ _(_)_ __  __ _ \ \ \ \
( ( )\___ | '_ | '_| | '_ \/ _` | \ \ \ \
 \\/  ___)| |_)| | | | | || (_| |  ) ) ) )
  '  |____| .__|_| |_|_| |_\__, | / / / /
 =========|_|==============|___/=/_/_/_/

 :: Spring Boot ::                (v3.4.2)

2025-02-12T13:05:17.881-05:00  INFO 8844 --- [    Test worker] .e.B.BoardGameManagementApplicationTests : Starting BoardGameManagementApplicationTests using Java 21.0.1 with PID 8844 (started by jaddl in C:\Users\jaddl\Documents\Etudes\University\Second year\Winter 2025\ECSE 321\Group project (Board game application)\project-group-16)
2025-02-12T13:05:17.882-05:00  INFO 8844 --- [    Test worker] .e.B.BoardGameManagementApplicationTests : No active profile set, falling back to 1 default profile: "default"
2025-02-12T13:05:18.714-05:00  INFO 8844 --- [    Test worker] .s.d.r.c.RepositoryConfigurationDelegate : Bootstrapping Spring Data JPA repositories in DEFAULT mode.
2025-02-12T13:05:18.813-05:00  INFO 8844 --- [    Test worker] .s.d.r.c.RepositoryConfigurationDelegate : Finished Spring Data repository scanning in 84 ms. Found 7 JPA repository interfaces.
2025-02-12T13:05:19.397-05:00  INFO 8844 --- [    Test worker] o.hibernate.jpa.internal.util.LogHelper  : HHH000204: Processing PersistenceUnitInfo [name: default]
2025-02-12T13:05:19.511-05:00  INFO 8844 --- [    Test worker] org.hibernate.Version                    : HHH000412: Hibernate ORM core version 6.6.5.Final
2025-02-12T13:05:19.563-05:00  INFO 8844 --- [    Test worker] o.h.c.internal.RegionFactoryInitiator    : HHH000026: Second-level cache disabled
2025-02-12T13:05:19.969-05:00  INFO 8844 --- [    Test worker] o.s.o.j.p.SpringPersistenceUnitInfo      : No LoadTimeWeaver setup: ignoring JPA class transformer
2025-02-12T13:05:20.012-05:00  INFO 8844 --- [    Test worker] com.zaxxer.hikari.HikariDataSource       : HikariPool-1 - Starting...
2025-02-12T13:05:20.287-05:00  INFO 8844 --- [    Test worker] com.zaxxer.hikari.pool.HikariPool        : HikariPool-1 - Added connection org.postgresql.jdbc.PgConnection@20faaf77
2025-02-12T13:05:20.290-05:00  INFO 8844 --- [    Test worker] com.zaxxer.hikari.HikariDataSource       : HikariPool-1 - Start completed.
2025-02-12T13:05:20.339-05:00  WARN 8844 --- [    Test worker] org.hibernate.orm.deprecation            : HHH90000025: PostgreSQLDialect does not need to be specified explicitly using 'hibernate.dialect' (remove the property setting and it will be selected by default)
2025-02-12T13:05:20.364-05:00  INFO 8844 --- [    Test worker] org.hibernate.orm.connections.pooling    : HHH10001005: Database info:
	Database JDBC URL [Connecting through datasource 'HikariDataSource (HikariPool-1)']
	Database driver: undefined/unknown
	Database version: 17.2
	Autocommit mode: undefined/unknown
	Isolation level: undefined/unknown
	Minimum pool size: undefined/unknown
	Maximum pool size: undefined/unknown
2025-02-12T13:05:21.416-05:00  INFO 8844 --- [    Test worker] o.h.m.i.EntityInstantiatorPojoStandard   : HHH000182: No default (no-argument) constructor for class: ca.mcgill.ecse321.BoardGameManagement.model.Review (class must be instantiated by Interceptor)
2025-02-12T13:05:21.709-05:00  INFO 8844 --- [    Test worker] o.h.e.t.j.p.i.JtaPlatformInitiator       : HHH000489: No JTA platform available (set 'hibernate.transaction.jta.platform' to enable JTA platform integration)
2025-02-12T13:05:22.247-05:00  INFO 8844 --- [    Test worker] j.LocalContainerEntityManagerFactoryBean : Initialized JPA EntityManagerFactory for persistence unit 'default'
2025-02-12T13:05:22.539-05:00  WARN 8844 --- [    Test worker] JpaBaseConfiguration$JpaWebConfiguration : spring.jpa.open-in-view is enabled by default. Therefore, database queries may be performed during view rendering. Explicitly configure spring.jpa.open-in-view to disable this warning
2025-02-12T13:05:23.839-05:00  INFO 8844 --- [    Test worker] .e.B.BoardGameManagementApplicationTests : Started BoardGameManagementApplicationTests in 6.309 seconds (process running for 7.777)
]]></system-out>
  <system-err><![CDATA[Mockito is currently self-attaching to enable the inline-mock-maker. This will no longer work in future releases of the JDK. Please add Mockito as an agent to your build what is described in Mockito's documentation: https://javadoc.io/doc/org.mockito/mockito-core/latest/org/mockito/Mockito.html#0.3
WARNING: A Java agent has been loaded dynamically (C:\Users\jaddl\.gradle\caches\modules-2\files-2.1\net.bytebuddy\byte-buddy-agent\1.15.11\a38b16385e867f59a641330f0362ebe742788ed8\byte-buddy-agent-1.15.11.jar)
WARNING: If a serviceability tool is in use, please run with -XX:+EnableDynamicAgentLoading to hide this warning
WARNING: If a serviceability tool is not in use, please run with -Djdk.instrument.traceUsage for more information
WARNING: Dynamic loading of agents will be disallowed by default in a future release
]]></system-err>
</testsuite>
